<?xml version="1.0" encoding="UTF-8"?>
<testsuite xmlns:xsi="http://www.w3.org/2001/XMLSchema-instance" xsi:noNamespaceSchemaLocation="https://maven.apache.org/surefire/maven-surefire-plugin/xsd/surefire-test-report.xsd" name="com.intuit.spring.pulsar.client.consumer.PulsarConsumerBuilderTest" time="0.475" tests="18" errors="0" skipped="0" failures="0">
  <properties>
    <property name="gopherProxySet" value="false"/>
    <property name="awt.toolkit" value="sun.lwawt.macosx.LWCToolkit"/>
    <property name="java.specification.version" value="11"/>
    <property name="sun.cpu.isalist" value=""/>
    <property name="sun.jnu.encoding" value="UTF-8"/>
    <property name="java.class.path" value="/Users/mkhan14/dev/spring-apache-pulsar/spring-pulsar-core/target/test-classes:/Users/mkhan14/dev/spring-apache-pulsar/spring-pulsar-core/target/classes:/Users/mkhan14/.m2/repository/org/junit/jupiter/junit-jupiter/5.7.2/junit-jupiter-5.7.2.jar:/Users/mkhan14/.m2/repository/org/junit/jupiter/junit-jupiter-api/5.7.2/junit-jupiter-api-5.7.2.jar:/Users/mkhan14/.m2/repository/org/opentest4j/opentest4j/1.2.0/opentest4j-1.2.0.jar:/Users/mkhan14/.m2/repository/org/junit/jupiter/junit-jupiter-params/5.7.2/junit-jupiter-params-5.7.2.jar:/Users/mkhan14/.m2/repository/org/junit/jupiter/junit-jupiter-engine/5.7.2/junit-jupiter-engine-5.7.2.jar:/Users/mkhan14/.m2/repository/org/junit/platform/junit-platform-engine/1.7.2/junit-platform-engine-1.7.2.jar:/Users/mkhan14/.m2/repository/org/jetbrains/kotlin/kotlin-reflect/1.5.21/kotlin-reflect-1.5.21.jar:/Users/mkhan14/.m2/repository/org/springframework/boot/spring-boot-starter/2.6.3/spring-boot-starter-2.6.3.jar:/Users/mkhan14/.m2/repository/org/springframework/boot/spring-boot/2.6.3/spring-boot-2.6.3.jar:/Users/mkhan14/.m2/repository/org/springframework/spring-context/5.3.15/spring-context-5.3.15.jar:/Users/mkhan14/.m2/repository/org/springframework/spring-aop/5.3.15/spring-aop-5.3.15.jar:/Users/mkhan14/.m2/repository/org/springframework/spring-expression/5.3.15/spring-expression-5.3.15.jar:/Users/mkhan14/.m2/repository/org/springframework/boot/spring-boot-autoconfigure/2.6.3/spring-boot-autoconfigure-2.6.3.jar:/Users/mkhan14/.m2/repository/org/springframework/boot/spring-boot-starter-logging/2.6.3/spring-boot-starter-logging-2.6.3.jar:/Users/mkhan14/.m2/repository/ch/qos/logback/logback-classic/1.2.10/logback-classic-1.2.10.jar:/Users/mkhan14/.m2/repository/ch/qos/logback/logback-core/1.2.10/logback-core-1.2.10.jar:/Users/mkhan14/.m2/repository/org/apache/logging/log4j/log4j-to-slf4j/2.17.1/log4j-to-slf4j-2.17.1.jar:/Users/mkhan14/.m2/repository/org/apache/logging/log4j/log4j-api/2.17.1/log4j-api-2.17.1.jar:/Users/mkhan14/.m2/repository/org/slf4j/jul-to-slf4j/1.7.33/jul-to-slf4j-1.7.33.jar:/Users/mkhan14/.m2/repository/jakarta/annotation/jakarta.annotation-api/1.3.5/jakarta.annotation-api-1.3.5.jar:/Users/mkhan14/.m2/repository/org/springframework/spring-core/5.3.15/spring-core-5.3.15.jar:/Users/mkhan14/.m2/repository/org/springframework/spring-jcl/5.3.15/spring-jcl-5.3.15.jar:/Users/mkhan14/.m2/repository/org/yaml/snakeyaml/1.29/snakeyaml-1.29.jar:/Users/mkhan14/.m2/repository/org/springframework/spring-beans/5.3.18/spring-beans-5.3.18.jar:/Users/mkhan14/.m2/repository/org/springframework/boot/spring-boot-starter-test/2.6.3/spring-boot-starter-test-2.6.3.jar:/Users/mkhan14/.m2/repository/org/springframework/boot/spring-boot-test/2.6.3/spring-boot-test-2.6.3.jar:/Users/mkhan14/.m2/repository/org/springframework/boot/spring-boot-test-autoconfigure/2.6.3/spring-boot-test-autoconfigure-2.6.3.jar:/Users/mkhan14/.m2/repository/com/jayway/jsonpath/json-path/2.6.0/json-path-2.6.0.jar:/Users/mkhan14/.m2/repository/net/minidev/json-smart/2.4.7/json-smart-2.4.7.jar:/Users/mkhan14/.m2/repository/net/minidev/accessors-smart/2.4.7/accessors-smart-2.4.7.jar:/Users/mkhan14/.m2/repository/org/ow2/asm/asm/9.1/asm-9.1.jar:/Users/mkhan14/.m2/repository/jakarta/xml/bind/jakarta.xml.bind-api/2.3.3/jakarta.xml.bind-api-2.3.3.jar:/Users/mkhan14/.m2/repository/jakarta/activation/jakarta.activation-api/1.2.2/jakarta.activation-api-1.2.2.jar:/Users/mkhan14/.m2/repository/org/assertj/assertj-core/3.21.0/assertj-core-3.21.0.jar:/Users/mkhan14/.m2/repository/org/hamcrest/hamcrest/2.2/hamcrest-2.2.jar:/Users/mkhan14/.m2/repository/org/mockito/mockito-core/4.0.0/mockito-core-4.0.0.jar:/Users/mkhan14/.m2/repository/net/bytebuddy/byte-buddy/1.11.19/byte-buddy-1.11.19.jar:/Users/mkhan14/.m2/repository/net/bytebuddy/byte-buddy-agent/1.11.19/byte-buddy-agent-1.11.19.jar:/Users/mkhan14/.m2/repository/org/objenesis/objenesis/3.2/objenesis-3.2.jar:/Users/mkhan14/.m2/repository/org/mockito/mockito-junit-jupiter/4.0.0/mockito-junit-jupiter-4.0.0.jar:/Users/mkhan14/.m2/repository/org/skyscreamer/jsonassert/1.5.0/jsonassert-1.5.0.jar:/Users/mkhan14/.m2/repository/com/vaadin/external/google/android-json/0.0.20131108.vaadin1/android-json-0.0.20131108.vaadin1.jar:/Users/mkhan14/.m2/repository/org/springframework/spring-test/5.3.15/spring-test-5.3.15.jar:/Users/mkhan14/.m2/repository/org/xmlunit/xmlunit-core/2.8.4/xmlunit-core-2.8.4.jar:/Users/mkhan14/.m2/repository/org/junit/platform/junit-platform-commons/1.8.2/junit-platform-commons-1.8.2.jar:/Users/mkhan14/.m2/repository/org/apiguardian/apiguardian-api/1.1.2/apiguardian-api-1.1.2.jar:/Users/mkhan14/.m2/repository/org/springframework/spring-aspects/5.3.15/spring-aspects-5.3.15.jar:/Users/mkhan14/.m2/repository/org/aspectj/aspectjweaver/1.9.7/aspectjweaver-1.9.7.jar:/Users/mkhan14/.m2/repository/org/mockito/mockito-inline/3.6.28/mockito-inline-3.6.28.jar:/Users/mkhan14/.m2/repository/org/jetbrains/kotlin/kotlin-stdlib/1.5.21/kotlin-stdlib-1.5.21.jar:/Users/mkhan14/.m2/repository/org/jetbrains/annotations/13.0/annotations-13.0.jar:/Users/mkhan14/.m2/repository/org/jetbrains/kotlin/kotlin-stdlib-common/1.5.21/kotlin-stdlib-common-1.5.21.jar:/Users/mkhan14/.m2/repository/org/jetbrains/kotlin/kotlin-test/1.5.21/kotlin-test-1.5.21.jar:/Users/mkhan14/.m2/repository/org/jetbrains/kotlin/kotlin-maven-allopen/1.5.21/kotlin-maven-allopen-1.5.21.jar:/Users/mkhan14/.m2/repository/org/jetbrains/kotlinx/kotlinx-coroutines-core/1.2.0/kotlinx-coroutines-core-1.2.0.jar:/Users/mkhan14/.m2/repository/org/jetbrains/kotlinx/atomicfu/0.12.3/atomicfu-0.12.3.jar:/Users/mkhan14/.m2/repository/org/jetbrains/kotlinx/atomicfu-common/0.12.3/atomicfu-common-0.12.3.jar:/Users/mkhan14/.m2/repository/org/jetbrains/kotlinx/kotlinx-coroutines-slf4j/1.2.0/kotlinx-coroutines-slf4j-1.2.0.jar:/Users/mkhan14/.m2/repository/org/slf4j/slf4j-api/1.7.25/slf4j-api-1.7.25.jar:/Users/mkhan14/.m2/repository/org/springframework/boot/spring-boot-configuration-processor/2.6.3/spring-boot-configuration-processor-2.6.3.jar:/Users/mkhan14/.m2/repository/org/mockito/kotlin/mockito-kotlin/3.2.0/mockito-kotlin-3.2.0.jar:/Users/mkhan14/.m2/repository/org/apache/commons/commons-lang3/3.9/commons-lang3-3.9.jar:/Users/mkhan14/.m2/repository/org/apache/pulsar/pulsar-client-api/2.6.0/pulsar-client-api-2.6.0.jar:/Users/mkhan14/.m2/repository/org/apache/pulsar/pulsar-transaction-common/2.6.0/pulsar-transaction-common-2.6.0.jar:/Users/mkhan14/.m2/repository/com/google/protobuf/protobuf-java/3.5.1/protobuf-java-3.5.1.jar:/Users/mkhan14/.m2/repository/com/google/protobuf/protobuf-java-util/3.5.1/protobuf-java-util-3.5.1.jar:/Users/mkhan14/.m2/repository/org/apache/pulsar/pulsar-client-original/2.6.0/pulsar-client-original-2.6.0.jar:/Users/mkhan14/.m2/repository/org/apache/pulsar/pulsar-common/2.6.0/pulsar-common-2.6.0.jar:/Users/mkhan14/.m2/repository/io/swagger/swagger-annotations/1.5.21/swagger-annotations-1.5.21.jar:/Users/mkhan14/.m2/repository/com/fasterxml/jackson/core/jackson-databind/2.10.1/jackson-databind-2.10.1.jar:/Users/mkhan14/.m2/repository/org/apache/pulsar/protobuf-shaded/2.1.0-incubating/protobuf-shaded-2.1.0-incubating.jar:/Users/mkhan14/.m2/repository/com/google/guava/guava/25.1-jre/guava-25.1-jre.jar:/Users/mkhan14/.m2/repository/com/google/code/findbugs/jsr305/3.0.2/jsr305-3.0.2.jar:/Users/mkhan14/.m2/repository/org/checkerframework/checker-qual/2.0.0/checker-qual-2.0.0.jar:/Users/mkhan14/.m2/repository/com/google/errorprone/error_prone_annotations/2.1.3/error_prone_annotations-2.1.3.jar:/Users/mkhan14/.m2/repository/com/google/j2objc/j2objc-annotations/1.1/j2objc-annotations-1.1.jar:/Users/mkhan14/.m2/repository/org/codehaus/mojo/animal-sniffer-annotations/1.14/animal-sniffer-annotations-1.14.jar:/Users/mkhan14/.m2/repository/io/netty/netty-handler/4.1.48.Final/netty-handler-4.1.48.Final.jar:/Users/mkhan14/.m2/repository/io/netty/netty-transport-native-epoll/4.1.48.Final/netty-transport-native-epoll-4.1.48.Final-linux-x86_64.jar:/Users/mkhan14/.m2/repository/io/netty/netty-transport-native-unix-common/4.1.48.Final/netty-transport-native-unix-common-4.1.48.Final.jar:/Users/mkhan14/.m2/repository/io/netty/netty-transport-native-unix-common/4.1.48.Final/netty-transport-native-unix-common-4.1.48.Final-linux-x86_64.jar:/Users/mkhan14/.m2/repository/org/apache/bookkeeper/bookkeeper-common-allocator/4.10.0/bookkeeper-common-allocator-4.10.0.jar:/Users/mkhan14/.m2/repository/commons-configuration/commons-configuration/1.10/commons-configuration-1.10.jar:/Users/mkhan14/.m2/repository/commons-lang/commons-lang/2.6/commons-lang-2.6.jar:/Users/mkhan14/.m2/repository/io/airlift/aircompressor/0.16/aircompressor-0.16.jar:/Users/mkhan14/.m2/repository/org/apache/bookkeeper/circe-checksum/4.10.0/circe-checksum-4.10.0.jar:/Users/mkhan14/.m2/repository/io/netty/netty-tcnative-boringssl-static/2.0.30.Final/netty-tcnative-boringssl-static-2.0.30.Final.jar:/Users/mkhan14/.m2/repository/org/eclipse/jetty/jetty-util/9.4.20.v20190813/jetty-util-9.4.20.v20190813.jar:/Users/mkhan14/.m2/repository/com/fasterxml/jackson/dataformat/jackson-dataformat-yaml/2.10.1/jackson-dataformat-yaml-2.10.1.jar:/Users/mkhan14/.m2/repository/javax/ws/rs/javax.ws.rs-api/2.1/javax.ws.rs-api-2.1.jar:/Users/mkhan14/.m2/repository/commons-io/commons-io/2.5/commons-io-2.5.jar:/Users/mkhan14/.m2/repository/io/netty/netty-codec-http/4.1.48.Final/netty-codec-http-4.1.48.Final.jar:/Users/mkhan14/.m2/repository/io/netty/netty-common/4.1.48.Final/netty-common-4.1.48.Final.jar:/Users/mkhan14/.m2/repository/io/netty/netty-buffer/4.1.48.Final/netty-buffer-4.1.48.Final.jar:/Users/mkhan14/.m2/repository/io/netty/netty-transport/4.1.48.Final/netty-transport-4.1.48.Final.jar:/Users/mkhan14/.m2/repository/io/netty/netty-codec/4.1.48.Final/netty-codec-4.1.48.Final.jar:/Users/mkhan14/.m2/repository/io/netty/netty-resolver-dns/4.1.48.Final/netty-resolver-dns-4.1.48.Final.jar:/Users/mkhan14/.m2/repository/io/netty/netty-resolver/4.1.48.Final/netty-resolver-4.1.48.Final.jar:/Users/mkhan14/.m2/repository/io/netty/netty-codec-dns/4.1.48.Final/netty-codec-dns-4.1.48.Final.jar:/Users/mkhan14/.m2/repository/org/asynchttpclient/async-http-client/2.12.1/async-http-client-2.12.1.jar:/Users/mkhan14/.m2/repository/org/asynchttpclient/async-http-client-netty-utils/2.12.1/async-http-client-netty-utils-2.12.1.jar:/Users/mkhan14/.m2/repository/org/reactivestreams/reactive-streams/1.0.3/reactive-streams-1.0.3.jar:/Users/mkhan14/.m2/repository/com/typesafe/netty/netty-reactive-streams/2.0.4/netty-reactive-streams-2.0.4.jar:/Users/mkhan14/.m2/repository/com/sun/activation/javax.activation/1.2.0/javax.activation-1.2.0.jar:/Users/mkhan14/.m2/repository/commons-codec/commons-codec/1.10/commons-codec-1.10.jar:/Users/mkhan14/.m2/repository/com/yahoo/datasketches/sketches-core/0.8.3/sketches-core-0.8.3.jar:/Users/mkhan14/.m2/repository/com/yahoo/datasketches/memory/0.8.3/memory-0.8.3.jar:/Users/mkhan14/.m2/repository/com/google/code/gson/gson/2.8.2/gson-2.8.2.jar:/Users/mkhan14/.m2/repository/org/apache/httpcomponents/httpclient/4.5.5/httpclient-4.5.5.jar:/Users/mkhan14/.m2/repository/org/apache/avro/avro/1.9.1/avro-1.9.1.jar:/Users/mkhan14/.m2/repository/org/apache/commons/commons-compress/1.19/commons-compress-1.19.jar:/Users/mkhan14/.m2/repository/org/apache/avro/avro-protobuf/1.9.1/avro-protobuf-1.9.1.jar:/Users/mkhan14/.m2/repository/com/fasterxml/jackson/module/jackson-module-jsonSchema/2.10.1/jackson-module-jsonSchema-2.10.1.jar:/Users/mkhan14/.m2/repository/com/fasterxml/jackson/core/jackson-annotations/2.10.1/jackson-annotations-2.10.1.jar:/Users/mkhan14/.m2/repository/javax/validation/validation-api/1.1.0.Final/validation-api-1.1.0.Final.jar:/Users/mkhan14/.m2/repository/net/jcip/jcip-annotations/1.0/jcip-annotations-1.0.jar:/Users/mkhan14/.m2/repository/commons-logging/commons-logging/1.1.1/commons-logging-1.1.1.jar:/Users/mkhan14/.m2/repository/org/apache/httpcomponents/httpcore/4.4.9/httpcore-4.4.9.jar:/Users/mkhan14/.m2/repository/com/fasterxml/jackson/core/jackson-core/2.12.0/jackson-core-2.12.0.jar:"/>
    <property name="java.vm.vendor" value="Amazon.com Inc."/>
    <property name="sun.arch.data.model" value="64"/>
    <property name="java.vendor.url" value="https://aws.amazon.com/corretto/"/>
    <property name="user.timezone" value=""/>
    <property name="java.vm.specification.version" value="11"/>
    <property name="os.name" value="Mac OS X"/>
    <property name="sun.java.launcher" value="SUN_STANDARD"/>
    <property name="user.country" value="IN"/>
    <property name="sun.boot.library.path" value="/Library/Java/JavaVirtualMachines/amazon-corretto-11.jdk/Contents/Home/lib"/>
    <property name="sun.java.command" value="/Users/mkhan14/dev/spring-apache-pulsar/spring-pulsar-core/target/surefire/surefirebooter9153265562149517717.jar /Users/mkhan14/dev/spring-apache-pulsar/spring-pulsar-core/target/surefire 2022-12-05T15-39-59_989-jvmRun1 surefire17644604496442013111tmp surefire_011944606919186900407tmp"/>
    <property name="jdk.debug" value="release"/>
    <property name="surefire.test.class.path" value="/Users/mkhan14/dev/spring-apache-pulsar/spring-pulsar-core/target/test-classes:/Users/mkhan14/dev/spring-apache-pulsar/spring-pulsar-core/target/classes:/Users/mkhan14/.m2/repository/org/junit/jupiter/junit-jupiter/5.7.2/junit-jupiter-5.7.2.jar:/Users/mkhan14/.m2/repository/org/junit/jupiter/junit-jupiter-api/5.7.2/junit-jupiter-api-5.7.2.jar:/Users/mkhan14/.m2/repository/org/opentest4j/opentest4j/1.2.0/opentest4j-1.2.0.jar:/Users/mkhan14/.m2/repository/org/junit/jupiter/junit-jupiter-params/5.7.2/junit-jupiter-params-5.7.2.jar:/Users/mkhan14/.m2/repository/org/junit/jupiter/junit-jupiter-engine/5.7.2/junit-jupiter-engine-5.7.2.jar:/Users/mkhan14/.m2/repository/org/junit/platform/junit-platform-engine/1.7.2/junit-platform-engine-1.7.2.jar:/Users/mkhan14/.m2/repository/org/jetbrains/kotlin/kotlin-reflect/1.5.21/kotlin-reflect-1.5.21.jar:/Users/mkhan14/.m2/repository/org/springframework/boot/spring-boot-starter/2.6.3/spring-boot-starter-2.6.3.jar:/Users/mkhan14/.m2/repository/org/springframework/boot/spring-boot/2.6.3/spring-boot-2.6.3.jar:/Users/mkhan14/.m2/repository/org/springframework/spring-context/5.3.15/spring-context-5.3.15.jar:/Users/mkhan14/.m2/repository/org/springframework/spring-aop/5.3.15/spring-aop-5.3.15.jar:/Users/mkhan14/.m2/repository/org/springframework/spring-expression/5.3.15/spring-expression-5.3.15.jar:/Users/mkhan14/.m2/repository/org/springframework/boot/spring-boot-autoconfigure/2.6.3/spring-boot-autoconfigure-2.6.3.jar:/Users/mkhan14/.m2/repository/org/springframework/boot/spring-boot-starter-logging/2.6.3/spring-boot-starter-logging-2.6.3.jar:/Users/mkhan14/.m2/repository/ch/qos/logback/logback-classic/1.2.10/logback-classic-1.2.10.jar:/Users/mkhan14/.m2/repository/ch/qos/logback/logback-core/1.2.10/logback-core-1.2.10.jar:/Users/mkhan14/.m2/repository/org/apache/logging/log4j/log4j-to-slf4j/2.17.1/log4j-to-slf4j-2.17.1.jar:/Users/mkhan14/.m2/repository/org/apache/logging/log4j/log4j-api/2.17.1/log4j-api-2.17.1.jar:/Users/mkhan14/.m2/repository/org/slf4j/jul-to-slf4j/1.7.33/jul-to-slf4j-1.7.33.jar:/Users/mkhan14/.m2/repository/jakarta/annotation/jakarta.annotation-api/1.3.5/jakarta.annotation-api-1.3.5.jar:/Users/mkhan14/.m2/repository/org/springframework/spring-core/5.3.15/spring-core-5.3.15.jar:/Users/mkhan14/.m2/repository/org/springframework/spring-jcl/5.3.15/spring-jcl-5.3.15.jar:/Users/mkhan14/.m2/repository/org/yaml/snakeyaml/1.29/snakeyaml-1.29.jar:/Users/mkhan14/.m2/repository/org/springframework/spring-beans/5.3.18/spring-beans-5.3.18.jar:/Users/mkhan14/.m2/repository/org/springframework/boot/spring-boot-starter-test/2.6.3/spring-boot-starter-test-2.6.3.jar:/Users/mkhan14/.m2/repository/org/springframework/boot/spring-boot-test/2.6.3/spring-boot-test-2.6.3.jar:/Users/mkhan14/.m2/repository/org/springframework/boot/spring-boot-test-autoconfigure/2.6.3/spring-boot-test-autoconfigure-2.6.3.jar:/Users/mkhan14/.m2/repository/com/jayway/jsonpath/json-path/2.6.0/json-path-2.6.0.jar:/Users/mkhan14/.m2/repository/net/minidev/json-smart/2.4.7/json-smart-2.4.7.jar:/Users/mkhan14/.m2/repository/net/minidev/accessors-smart/2.4.7/accessors-smart-2.4.7.jar:/Users/mkhan14/.m2/repository/org/ow2/asm/asm/9.1/asm-9.1.jar:/Users/mkhan14/.m2/repository/jakarta/xml/bind/jakarta.xml.bind-api/2.3.3/jakarta.xml.bind-api-2.3.3.jar:/Users/mkhan14/.m2/repository/jakarta/activation/jakarta.activation-api/1.2.2/jakarta.activation-api-1.2.2.jar:/Users/mkhan14/.m2/repository/org/assertj/assertj-core/3.21.0/assertj-core-3.21.0.jar:/Users/mkhan14/.m2/repository/org/hamcrest/hamcrest/2.2/hamcrest-2.2.jar:/Users/mkhan14/.m2/repository/org/mockito/mockito-core/4.0.0/mockito-core-4.0.0.jar:/Users/mkhan14/.m2/repository/net/bytebuddy/byte-buddy/1.11.19/byte-buddy-1.11.19.jar:/Users/mkhan14/.m2/repository/net/bytebuddy/byte-buddy-agent/1.11.19/byte-buddy-agent-1.11.19.jar:/Users/mkhan14/.m2/repository/org/objenesis/objenesis/3.2/objenesis-3.2.jar:/Users/mkhan14/.m2/repository/org/mockito/mockito-junit-jupiter/4.0.0/mockito-junit-jupiter-4.0.0.jar:/Users/mkhan14/.m2/repository/org/skyscreamer/jsonassert/1.5.0/jsonassert-1.5.0.jar:/Users/mkhan14/.m2/repository/com/vaadin/external/google/android-json/0.0.20131108.vaadin1/android-json-0.0.20131108.vaadin1.jar:/Users/mkhan14/.m2/repository/org/springframework/spring-test/5.3.15/spring-test-5.3.15.jar:/Users/mkhan14/.m2/repository/org/xmlunit/xmlunit-core/2.8.4/xmlunit-core-2.8.4.jar:/Users/mkhan14/.m2/repository/org/junit/platform/junit-platform-commons/1.8.2/junit-platform-commons-1.8.2.jar:/Users/mkhan14/.m2/repository/org/apiguardian/apiguardian-api/1.1.2/apiguardian-api-1.1.2.jar:/Users/mkhan14/.m2/repository/org/springframework/spring-aspects/5.3.15/spring-aspects-5.3.15.jar:/Users/mkhan14/.m2/repository/org/aspectj/aspectjweaver/1.9.7/aspectjweaver-1.9.7.jar:/Users/mkhan14/.m2/repository/org/mockito/mockito-inline/3.6.28/mockito-inline-3.6.28.jar:/Users/mkhan14/.m2/repository/org/jetbrains/kotlin/kotlin-stdlib/1.5.21/kotlin-stdlib-1.5.21.jar:/Users/mkhan14/.m2/repository/org/jetbrains/annotations/13.0/annotations-13.0.jar:/Users/mkhan14/.m2/repository/org/jetbrains/kotlin/kotlin-stdlib-common/1.5.21/kotlin-stdlib-common-1.5.21.jar:/Users/mkhan14/.m2/repository/org/jetbrains/kotlin/kotlin-test/1.5.21/kotlin-test-1.5.21.jar:/Users/mkhan14/.m2/repository/org/jetbrains/kotlin/kotlin-maven-allopen/1.5.21/kotlin-maven-allopen-1.5.21.jar:/Users/mkhan14/.m2/repository/org/jetbrains/kotlinx/kotlinx-coroutines-core/1.2.0/kotlinx-coroutines-core-1.2.0.jar:/Users/mkhan14/.m2/repository/org/jetbrains/kotlinx/atomicfu/0.12.3/atomicfu-0.12.3.jar:/Users/mkhan14/.m2/repository/org/jetbrains/kotlinx/atomicfu-common/0.12.3/atomicfu-common-0.12.3.jar:/Users/mkhan14/.m2/repository/org/jetbrains/kotlinx/kotlinx-coroutines-slf4j/1.2.0/kotlinx-coroutines-slf4j-1.2.0.jar:/Users/mkhan14/.m2/repository/org/slf4j/slf4j-api/1.7.25/slf4j-api-1.7.25.jar:/Users/mkhan14/.m2/repository/org/springframework/boot/spring-boot-configuration-processor/2.6.3/spring-boot-configuration-processor-2.6.3.jar:/Users/mkhan14/.m2/repository/org/mockito/kotlin/mockito-kotlin/3.2.0/mockito-kotlin-3.2.0.jar:/Users/mkhan14/.m2/repository/org/apache/commons/commons-lang3/3.9/commons-lang3-3.9.jar:/Users/mkhan14/.m2/repository/org/apache/pulsar/pulsar-client-api/2.6.0/pulsar-client-api-2.6.0.jar:/Users/mkhan14/.m2/repository/org/apache/pulsar/pulsar-transaction-common/2.6.0/pulsar-transaction-common-2.6.0.jar:/Users/mkhan14/.m2/repository/com/google/protobuf/protobuf-java/3.5.1/protobuf-java-3.5.1.jar:/Users/mkhan14/.m2/repository/com/google/protobuf/protobuf-java-util/3.5.1/protobuf-java-util-3.5.1.jar:/Users/mkhan14/.m2/repository/org/apache/pulsar/pulsar-client-original/2.6.0/pulsar-client-original-2.6.0.jar:/Users/mkhan14/.m2/repository/org/apache/pulsar/pulsar-common/2.6.0/pulsar-common-2.6.0.jar:/Users/mkhan14/.m2/repository/io/swagger/swagger-annotations/1.5.21/swagger-annotations-1.5.21.jar:/Users/mkhan14/.m2/repository/com/fasterxml/jackson/core/jackson-databind/2.10.1/jackson-databind-2.10.1.jar:/Users/mkhan14/.m2/repository/org/apache/pulsar/protobuf-shaded/2.1.0-incubating/protobuf-shaded-2.1.0-incubating.jar:/Users/mkhan14/.m2/repository/com/google/guava/guava/25.1-jre/guava-25.1-jre.jar:/Users/mkhan14/.m2/repository/com/google/code/findbugs/jsr305/3.0.2/jsr305-3.0.2.jar:/Users/mkhan14/.m2/repository/org/checkerframework/checker-qual/2.0.0/checker-qual-2.0.0.jar:/Users/mkhan14/.m2/repository/com/google/errorprone/error_prone_annotations/2.1.3/error_prone_annotations-2.1.3.jar:/Users/mkhan14/.m2/repository/com/google/j2objc/j2objc-annotations/1.1/j2objc-annotations-1.1.jar:/Users/mkhan14/.m2/repository/org/codehaus/mojo/animal-sniffer-annotations/1.14/animal-sniffer-annotations-1.14.jar:/Users/mkhan14/.m2/repository/io/netty/netty-handler/4.1.48.Final/netty-handler-4.1.48.Final.jar:/Users/mkhan14/.m2/repository/io/netty/netty-transport-native-epoll/4.1.48.Final/netty-transport-native-epoll-4.1.48.Final-linux-x86_64.jar:/Users/mkhan14/.m2/repository/io/netty/netty-transport-native-unix-common/4.1.48.Final/netty-transport-native-unix-common-4.1.48.Final.jar:/Users/mkhan14/.m2/repository/io/netty/netty-transport-native-unix-common/4.1.48.Final/netty-transport-native-unix-common-4.1.48.Final-linux-x86_64.jar:/Users/mkhan14/.m2/repository/org/apache/bookkeeper/bookkeeper-common-allocator/4.10.0/bookkeeper-common-allocator-4.10.0.jar:/Users/mkhan14/.m2/repository/commons-configuration/commons-configuration/1.10/commons-configuration-1.10.jar:/Users/mkhan14/.m2/repository/commons-lang/commons-lang/2.6/commons-lang-2.6.jar:/Users/mkhan14/.m2/repository/io/airlift/aircompressor/0.16/aircompressor-0.16.jar:/Users/mkhan14/.m2/repository/org/apache/bookkeeper/circe-checksum/4.10.0/circe-checksum-4.10.0.jar:/Users/mkhan14/.m2/repository/io/netty/netty-tcnative-boringssl-static/2.0.30.Final/netty-tcnative-boringssl-static-2.0.30.Final.jar:/Users/mkhan14/.m2/repository/org/eclipse/jetty/jetty-util/9.4.20.v20190813/jetty-util-9.4.20.v20190813.jar:/Users/mkhan14/.m2/repository/com/fasterxml/jackson/dataformat/jackson-dataformat-yaml/2.10.1/jackson-dataformat-yaml-2.10.1.jar:/Users/mkhan14/.m2/repository/javax/ws/rs/javax.ws.rs-api/2.1/javax.ws.rs-api-2.1.jar:/Users/mkhan14/.m2/repository/commons-io/commons-io/2.5/commons-io-2.5.jar:/Users/mkhan14/.m2/repository/io/netty/netty-codec-http/4.1.48.Final/netty-codec-http-4.1.48.Final.jar:/Users/mkhan14/.m2/repository/io/netty/netty-common/4.1.48.Final/netty-common-4.1.48.Final.jar:/Users/mkhan14/.m2/repository/io/netty/netty-buffer/4.1.48.Final/netty-buffer-4.1.48.Final.jar:/Users/mkhan14/.m2/repository/io/netty/netty-transport/4.1.48.Final/netty-transport-4.1.48.Final.jar:/Users/mkhan14/.m2/repository/io/netty/netty-codec/4.1.48.Final/netty-codec-4.1.48.Final.jar:/Users/mkhan14/.m2/repository/io/netty/netty-resolver-dns/4.1.48.Final/netty-resolver-dns-4.1.48.Final.jar:/Users/mkhan14/.m2/repository/io/netty/netty-resolver/4.1.48.Final/netty-resolver-4.1.48.Final.jar:/Users/mkhan14/.m2/repository/io/netty/netty-codec-dns/4.1.48.Final/netty-codec-dns-4.1.48.Final.jar:/Users/mkhan14/.m2/repository/org/asynchttpclient/async-http-client/2.12.1/async-http-client-2.12.1.jar:/Users/mkhan14/.m2/repository/org/asynchttpclient/async-http-client-netty-utils/2.12.1/async-http-client-netty-utils-2.12.1.jar:/Users/mkhan14/.m2/repository/org/reactivestreams/reactive-streams/1.0.3/reactive-streams-1.0.3.jar:/Users/mkhan14/.m2/repository/com/typesafe/netty/netty-reactive-streams/2.0.4/netty-reactive-streams-2.0.4.jar:/Users/mkhan14/.m2/repository/com/sun/activation/javax.activation/1.2.0/javax.activation-1.2.0.jar:/Users/mkhan14/.m2/repository/commons-codec/commons-codec/1.10/commons-codec-1.10.jar:/Users/mkhan14/.m2/repository/com/yahoo/datasketches/sketches-core/0.8.3/sketches-core-0.8.3.jar:/Users/mkhan14/.m2/repository/com/yahoo/datasketches/memory/0.8.3/memory-0.8.3.jar:/Users/mkhan14/.m2/repository/com/google/code/gson/gson/2.8.2/gson-2.8.2.jar:/Users/mkhan14/.m2/repository/org/apache/httpcomponents/httpclient/4.5.5/httpclient-4.5.5.jar:/Users/mkhan14/.m2/repository/org/apache/avro/avro/1.9.1/avro-1.9.1.jar:/Users/mkhan14/.m2/repository/org/apache/commons/commons-compress/1.19/commons-compress-1.19.jar:/Users/mkhan14/.m2/repository/org/apache/avro/avro-protobuf/1.9.1/avro-protobuf-1.9.1.jar:/Users/mkhan14/.m2/repository/com/fasterxml/jackson/module/jackson-module-jsonSchema/2.10.1/jackson-module-jsonSchema-2.10.1.jar:/Users/mkhan14/.m2/repository/com/fasterxml/jackson/core/jackson-annotations/2.10.1/jackson-annotations-2.10.1.jar:/Users/mkhan14/.m2/repository/javax/validation/validation-api/1.1.0.Final/validation-api-1.1.0.Final.jar:/Users/mkhan14/.m2/repository/net/jcip/jcip-annotations/1.0/jcip-annotations-1.0.jar:/Users/mkhan14/.m2/repository/commons-logging/commons-logging/1.1.1/commons-logging-1.1.1.jar:/Users/mkhan14/.m2/repository/org/apache/httpcomponents/httpcore/4.4.9/httpcore-4.4.9.jar:/Users/mkhan14/.m2/repository/com/fasterxml/jackson/core/jackson-core/2.12.0/jackson-core-2.12.0.jar:"/>
    <property name="sun.cpu.endian" value="little"/>
    <property name="user.home" value="/Users/mkhan14"/>
    <property name="user.language" value="en"/>
    <property name="java.specification.vendor" value="Oracle Corporation"/>
    <property name="java.version.date" value="2022-08-12"/>
    <property name="java.home" value="/Library/Java/JavaVirtualMachines/amazon-corretto-11.jdk/Contents/Home"/>
    <property name="file.separator" value="/"/>
    <property name="basedir" value="/Users/mkhan14/dev/spring-apache-pulsar/spring-pulsar-core"/>
    <property name="java.vm.compressedOopsMode" value="Zero based"/>
    <property name="line.separator" value="&#10;"/>
    <property name="java.specification.name" value="Java Platform API Specification"/>
    <property name="java.vm.specification.vendor" value="Oracle Corporation"/>
    <property name="java.awt.graphicsenv" value="sun.awt.CGraphicsEnvironment"/>
    <property name="surefire.real.class.path" value="/Users/mkhan14/dev/spring-apache-pulsar/spring-pulsar-core/target/surefire/surefirebooter9153265562149517717.jar"/>
    <property name="sun.management.compiler" value="HotSpot 64-Bit Tiered Compilers"/>
    <property name="java.runtime.version" value="11.0.16.1+9-LTS"/>
    <property name="user.name" value="mkhan14"/>
    <property name="path.separator" value=":"/>
    <property name="os.version" value="12.6.1"/>
    <property name="java.runtime.name" value="OpenJDK Runtime Environment"/>
    <property name="file.encoding" value="UTF-8"/>
    <property name="java.vm.name" value="OpenJDK 64-Bit Server VM"/>
    <property name="java.vendor.version" value="Corretto-11.0.16.9.1"/>
    <property name="localRepository" value="/Users/mkhan14/.m2/repository"/>
    <property name="java.vendor.url.bug" value="https://github.com/corretto/corretto-11/issues/"/>
    <property name="java.io.tmpdir" value="/var/folders/0q/21x4j7gd1_19cgmc5cp_jvk40000gr/T/"/>
    <property name="java.version" value="11.0.16.1"/>
    <property name="user.dir" value="/Users/mkhan14/dev/spring-apache-pulsar/spring-pulsar-core"/>
    <property name="os.arch" value="x86_64"/>
    <property name="java.vm.specification.name" value="Java Virtual Machine Specification"/>
    <property name="java.awt.printerjob" value="sun.lwawt.macosx.CPrinterJob"/>
    <property name="sun.os.patch.level" value="unknown"/>
    <property name="java.library.path" value="/Users/mkhan14/Library/Java/Extensions:/Library/Java/Extensions:/Network/Library/Java/Extensions:/System/Library/Java/Extensions:/usr/lib/java:."/>
    <property name="java.vm.info" value="mixed mode"/>
    <property name="java.vendor" value="Amazon.com Inc."/>
    <property name="java.vm.version" value="11.0.16.1+9-LTS"/>
    <property name="sun.io.unicode.encoding" value="UnicodeBig"/>
    <property name="java.class.version" value="55.0"/>
  </properties>
  <testcase name="validate withTopic with all optional properties set" classname="com.intuit.spring.pulsar.client.consumer.PulsarConsumerBuilderTest" time="0.053"/>
  <testcase name="validate withDeadLetter with no optional properties set" classname="com.intuit.spring.pulsar.client.consumer.PulsarConsumerBuilderTest" time="0.073"/>
  <testcase name="validate withQueue with no optional properties set" classname="com.intuit.spring.pulsar.client.consumer.PulsarConsumerBuilderTest" time="0.068"/>
  <testcase name="validate withListener sets a pulsar message listener" classname="com.intuit.spring.pulsar.client.consumer.PulsarConsumerBuilderTest" time="0.002"/>
  <testcase name="validate withTopic with no optional properties set" classname="com.intuit.spring.pulsar.client.consumer.PulsarConsumerBuilderTest" time="0.002"/>
  <testcase name="validate withDeadLetter with only max redelivery count" classname="com.intuit.spring.pulsar.client.consumer.PulsarConsumerBuilderTest" time="0.006"/>
  <testcase name="validate withDeadLetter with all optional properties set" classname="com.intuit.spring.pulsar.client.consumer.PulsarConsumerBuilderTest" time="0.002"/>
  <testcase name="validate withAck with all optional properties set" classname="com.intuit.spring.pulsar.client.consumer.PulsarConsumerBuilderTest" time="0.067"/>
  <testcase name="validate withListener sets a message listener" classname="com.intuit.spring.pulsar.client.consumer.PulsarConsumerBuilderTest" time="0.002"/>
  <testcase name="validate withConsumer all optional properties set" classname="com.intuit.spring.pulsar.client.consumer.PulsarConsumerBuilderTest" time="0.167"/>
  <testcase name="validate withDeadLetter with only retry letter topic" classname="com.intuit.spring.pulsar.client.consumer.PulsarConsumerBuilderTest" time="0.003"/>
  <testcase name="validate withDeadLetter with only dead letter topic" classname="com.intuit.spring.pulsar.client.consumer.PulsarConsumerBuilderTest" time="0.002"/>
  <testcase name="validate withQueue with all optional properties set" classname="com.intuit.spring.pulsar.client.consumer.PulsarConsumerBuilderTest" time="0.003"/>
  <testcase name="validate withSubscription with all optional properties set" classname="com.intuit.spring.pulsar.client.consumer.PulsarConsumerBuilderTest" time="0.003"/>
  <testcase name="validate withConsumer with no optional properties set" classname="com.intuit.spring.pulsar.client.consumer.PulsarConsumerBuilderTest" time="0.007"/>
  <testcase name="validate build returns pulsar consumer builder" classname="com.intuit.spring.pulsar.client.consumer.PulsarConsumerBuilderTest" time="0.002"/>
  <testcase name="validate withAck with no optional properties set" classname="com.intuit.spring.pulsar.client.consumer.PulsarConsumerBuilderTest" time="0.002"/>
  <testcase name="validate withSubscription with no optional properties set" classname="com.intuit.spring.pulsar.client.consumer.PulsarConsumerBuilderTest" time="0.003"/>
</testsuite>